<?xml version="1.0" encoding="UTF-8"?>
<!-- Generated by org.testng.reporters.JUnitReportReporter -->
<testsuite hostname="LAPTOP-K8J9AS79" failures="0" tests="1" name="com.mystore.testcases.TC_MyAccountPageTest" time="6.828" errors="0" timestamp="28 Feb 2024 09:01:23 GMT">
  <testcase classname="com.mystore.testcases.TC_MyAccountPageTest" name="VerifyLogin" time="6.828"/>
</testsuite> <!-- com.mystore.testcases.TC_MyAccountPageTest -->
