<?xml version="1.0" encoding="UTF-8"?>
<!-- Generated by org.testng.reporters.JUnitReportReporter -->
<testsuite hostname="LAPTOP-K8J9AS79" failures="0" tests="1" name="com.mystore.testcases.TC_ProductPageTest" time="5.872" errors="0" timestamp="19 Mar 2024 10:31:32 GMT">
  <testcase classname="com.mystore.testcases.TC_ProductPageTest" name="VerifySearchProduct" time="5.872"/>
</testsuite> <!-- com.mystore.testcases.TC_ProductPageTest -->
